-- Found ament_cmake: 2.0.3 (/opt/ros/iron/share/ament_cmake/cmake)
-- Found ament_lint_auto: 0.14.2 (/opt/ros/iron/share/ament_lint_auto/cmake)
-- Added test 'cppcheck' to perform static code analysis on C / C++ code
-- Configured cppcheck include dirs: $<BUILD_INTERFACE:/home/kuljot/Project/ball_follower/src/bot/include>
-- Configured cppcheck exclude dirs and/or files: 
-- Added test 'flake8' to check Python code syntax and style conventions
-- Configured 'flake8' exclude dirs and/or files: 
-- Added test 'lint_cmake' to check CMake code style
-- Added test 'pep257' to check Python code against some of the docstring style conventions in PEP 257
-- Added test 'uncrustify' to check C / C++ code style
-- Configured uncrustify additional arguments: 
-- Added test 'xmllint' to check XML markup files
-- Configuring done
-- Generating done
-- Build files have been written to: /home/kuljot/Project/ball_follower/build/bot
[ 50%] [32mBuilding CXX object CMakeFiles/bot_node.dir/src/bot_node.cpp.o[0m
[01m[K/home/kuljot/Project/ball_follower/src/bot/src/bot_node.cpp:6:59:[m[K [01;35m[Kwarning: [m[Kextra tokens at end of #include directive
    6 | #include "ament_index_cpp/get_package_share_directory.hpp"[01;35m[K>[m[K
      |                                                           [01;35m[K^[m[K
[01m[K/home/kuljot/Project/ball_follower/src/bot/src/bot_node.cpp:6:10:[m[K [01;31m[Kfatal error: [m[Kament_index_cpp/get_package_share_directory.hpp: No such file or directory
    6 | #include [01;31m[K"ament_index_cpp/get_package_share_directory.hpp"[m[K>
      |          [01;31m[K^~~~~~~~~~~~~~~~~~~~~~~~~~~~~~~~~~~~~~~~~~~~~~~~~[m[K
compilation terminated.
gmake[2]: *** [CMakeFiles/bot_node.dir/build.make:76: CMakeFiles/bot_node.dir/src/bot_node.cpp.o] Error 1
gmake[1]: *** [CMakeFiles/Makefile2:137: CMakeFiles/bot_node.dir/all] Error 2
gmake: *** [Makefile:146: all] Error 2
